[19-Jan-2020 12:14:48 Europe/Rome] Enabled PHP logging
[19-Jan-2020 12:14:48 Europe/Rome] Enabled PHP logging
[19-Jan-2020 12:14:48 Europe/Rome] Enabled PHP logging
[19-Jan-2020 12:15:51 Europe/Rome] Enabled PHP logging
[19-Jan-2020 12:15:51 Europe/Rome] Enabled PHP logging
[19-Jan-2020 12:15:51 Europe/Rome] Enabled PHP logging
[19-Jan-2020 12:15:51 Europe/Rome] Enabled PHP logging
[19-Jan-2020 12:16:11 Europe/Rome] Enabled PHP logging
[19-Jan-2020 12:16:11 Europe/Rome] Enabled PHP logging
[19-Jan-2020 12:16:11 Europe/Rome] Enabled PHP logging
[19-Jan-2020 12:16:11 Europe/Rome] Enabled PHP logging
[19-Jan-2020 12:17:13 Europe/Rome] Enabled PHP logging
[19-Jan-2020 12:17:13 Europe/Rome] Enabled PHP logging
[19-Jan-2020 12:17:13 Europe/Rome] Enabled PHP logging
[19-Jan-2020 12:17:13 Europe/Rome] Enabled PHP logging
[19-Jan-2020 12:24:25 Europe/Rome] Enabled PHP logging
[19-Jan-2020 12:24:25 Europe/Rome] Enabled PHP logging
[19-Jan-2020 12:24:25 Europe/Rome] Enabled PHP logging
[19-Jan-2020 12:24:25 Europe/Rome] Enabled PHP logging
[19-Jan-2020 12:24:26 Europe/Rome] Enabled PHP logging
[19-Jan-2020 12:24:34 Europe/Rome] PHP Warning:  Could not load the system's DNS configuration, using synchronous, blocking fallback in phar:///var/www/vhosts/alldobot.tech/httpdocs/TGUserbot/5e243a1ca8ad3/madeline.phar/vendor/amphp/dns/lib/Rfc1035StubResolver.php on line 188
[19-Jan-2020 12:24:34 Europe/Rome] PHP Warning:  Could not load the system's DNS configuration, using synchronous, blocking fallback in phar:///var/www/vhosts/alldobot.tech/httpdocs/TGUserbot/5e243a1ca8ad3/madeline.phar/vendor/amphp/dns/lib/Rfc1035StubResolver.php on line 188
[19-Jan-2020 12:49:28 Europe/Rome] Enabled PHP logging
[19-Jan-2020 12:49:28 Europe/Rome] Enabled PHP logging
[19-Jan-2020 12:49:29 Europe/Rome] Enabled PHP logging
[19-Jan-2020 12:49:29 Europe/Rome] Enabled PHP logging
[19-Jan-2020 12:49:29 Europe/Rome] Enabled PHP logging
[19-Jan-2020 12:50:37 Europe/Rome] Enabled PHP logging
[19-Jan-2020 12:50:37 Europe/Rome] Enabled PHP logging
[19-Jan-2020 12:50:37 Europe/Rome] Enabled PHP logging
[19-Jan-2020 12:50:37 Europe/Rome] Enabled PHP logging
[19-Jan-2020 12:50:38 Europe/Rome] Enabled PHP logging
[19-Jan-2020 12:50:41 Europe/Rome] Enabled PHP logging
[19-Jan-2020 12:50:41 Europe/Rome] Enabled PHP logging
[19-Jan-2020 12:50:41 Europe/Rome] Enabled PHP logging
[19-Jan-2020 12:50:41 Europe/Rome] Enabled PHP logging
[19-Jan-2020 12:50:42 Europe/Rome] Enabled PHP logging
[19-Jan-2020 12:50:50 Europe/Rome] Enabled PHP logging
[19-Jan-2020 12:50:50 Europe/Rome] Enabled PHP logging
[19-Jan-2020 12:50:50 Europe/Rome] Enabled PHP logging
[19-Jan-2020 12:50:50 Europe/Rome] Enabled PHP logging
[19-Jan-2020 12:50:51 Europe/Rome] Enabled PHP logging
[19-Jan-2020 12:50:54 Europe/Rome] Enabled PHP logging
[19-Jan-2020 12:50:54 Europe/Rome] Enabled PHP logging
[19-Jan-2020 12:50:54 Europe/Rome] Enabled PHP logging
[19-Jan-2020 12:50:54 Europe/Rome] Enabled PHP logging
[19-Jan-2020 12:50:55 Europe/Rome] Enabled PHP logging
[19-Jan-2020 12:51:15 Europe/Rome] Enabled PHP logging
[19-Jan-2020 12:51:15 Europe/Rome] Enabled PHP logging
[19-Jan-2020 12:51:15 Europe/Rome] Enabled PHP logging
[19-Jan-2020 12:51:15 Europe/Rome] Enabled PHP logging
[19-Jan-2020 12:51:16 Europe/Rome] Enabled PHP logging
[19-Jan-2020 12:51:16 Europe/Rome] PHP Warning:  Could not load the system's DNS configuration, using synchronous, blocking fallback in phar:///var/www/vhosts/alldobot.tech/httpdocs/TGUserbot/5e243a1ca8ad3/madeline.phar/vendor/amphp/dns/lib/Rfc1035StubResolver.php on line 188
[19-Jan-2020 12:51:16 Europe/Rome] PHP Warning:  Could not load the system's DNS configuration, using synchronous, blocking fallback in phar:///var/www/vhosts/alldobot.tech/httpdocs/TGUserbot/5e243a1ca8ad3/madeline.phar/vendor/amphp/dns/lib/Rfc1035StubResolver.php on line 188
[19-Jan-2020 12:52:09 Europe/Rome] Enabled PHP logging
[19-Jan-2020 12:52:09 Europe/Rome] Enabled PHP logging
[19-Jan-2020 12:52:09 Europe/Rome] Enabled PHP logging
[19-Jan-2020 12:52:09 Europe/Rome] Enabled PHP logging
[19-Jan-2020 12:52:10 Europe/Rome] Enabled PHP logging
[19-Jan-2020 12:53:57 Europe/Rome] Enabled PHP logging
[19-Jan-2020 12:53:58 Europe/Rome] Enabled PHP logging
[19-Jan-2020 12:53:58 Europe/Rome] Enabled PHP logging
[19-Jan-2020 12:53:58 Europe/Rome] Enabled PHP logging
[19-Jan-2020 12:53:58 Europe/Rome] Enabled PHP logging
[19-Jan-2020 13:22:03 Europe/Rome] Enabled PHP logging
[19-Jan-2020 13:22:03 Europe/Rome] Enabled PHP logging
[19-Jan-2020 13:22:03 Europe/Rome] Enabled PHP logging
[19-Jan-2020 13:22:03 Europe/Rome] Enabled PHP logging
[19-Jan-2020 13:22:04 Europe/Rome] Enabled PHP logging
[19-Jan-2020 13:25:34 Europe/Rome] Enabled PHP logging
[19-Jan-2020 13:25:35 Europe/Rome] Enabled PHP logging
[19-Jan-2020 13:25:35 Europe/Rome] Enabled PHP logging
[19-Jan-2020 13:25:35 Europe/Rome] Enabled PHP logging
[19-Jan-2020 13:25:35 Europe/Rome] Enabled PHP logging
[19-Jan-2020 13:26:57 Europe/Rome] Enabled PHP logging
[19-Jan-2020 13:26:57 Europe/Rome] Enabled PHP logging
[19-Jan-2020 13:26:57 Europe/Rome] Enabled PHP logging
[19-Jan-2020 13:26:57 Europe/Rome] Enabled PHP logging
[19-Jan-2020 13:26:58 Europe/Rome] Enabled PHP logging
[19-Jan-2020 13:27:49 Europe/Rome] Enabled PHP logging
[19-Jan-2020 13:27:49 Europe/Rome] Enabled PHP logging
[19-Jan-2020 13:27:49 Europe/Rome] Enabled PHP logging
[19-Jan-2020 13:27:49 Europe/Rome] Enabled PHP logging
[19-Jan-2020 13:27:49 Europe/Rome] Enabled PHP logging
[19-Jan-2020 13:28:19 Europe/Rome] Enabled PHP logging
[19-Jan-2020 13:28:19 Europe/Rome] Enabled PHP logging
[19-Jan-2020 13:28:19 Europe/Rome] Enabled PHP logging
[19-Jan-2020 13:28:19 Europe/Rome] Enabled PHP logging
[19-Jan-2020 13:28:20 Europe/Rome] Enabled PHP logging
[19-Jan-2020 13:29:05 Europe/Rome] Enabled PHP logging
[19-Jan-2020 13:29:05 Europe/Rome] Enabled PHP logging
[19-Jan-2020 13:29:05 Europe/Rome] Enabled PHP logging
[19-Jan-2020 13:29:05 Europe/Rome] Enabled PHP logging
[19-Jan-2020 13:29:06 Europe/Rome] Enabled PHP logging
[19-Jan-2020 13:29:44 Europe/Rome] Enabled PHP logging
[19-Jan-2020 13:29:44 Europe/Rome] Enabled PHP logging
[19-Jan-2020 13:29:44 Europe/Rome] Enabled PHP logging
[19-Jan-2020 13:29:44 Europe/Rome] Enabled PHP logging
[19-Jan-2020 13:29:45 Europe/Rome] Enabled PHP logging
[19-Jan-2020 13:30:26 Europe/Rome] Enabled PHP logging
[19-Jan-2020 13:30:26 Europe/Rome] Enabled PHP logging
[19-Jan-2020 13:30:26 Europe/Rome] Enabled PHP logging
[19-Jan-2020 13:30:26 Europe/Rome] Enabled PHP logging
[19-Jan-2020 13:30:27 Europe/Rome] Enabled PHP logging
[19-Jan-2020 13:30:55 Europe/Rome] Enabled PHP logging
[19-Jan-2020 13:30:55 Europe/Rome] Enabled PHP logging
[19-Jan-2020 13:30:56 Europe/Rome] Enabled PHP logging
[19-Jan-2020 13:30:56 Europe/Rome] Enabled PHP logging
[19-Jan-2020 13:30:56 Europe/Rome] Enabled PHP logging
[19-Jan-2020 13:31:34 Europe/Rome] Enabled PHP logging
[19-Jan-2020 13:31:34 Europe/Rome] Enabled PHP logging
[19-Jan-2020 13:31:35 Europe/Rome] Enabled PHP logging
[19-Jan-2020 13:31:35 Europe/Rome] Enabled PHP logging
[19-Jan-2020 13:31:35 Europe/Rome] Enabled PHP logging
[19-Jan-2020 13:31:56 Europe/Rome] Enabled PHP logging
[19-Jan-2020 13:31:56 Europe/Rome] Enabled PHP logging
[19-Jan-2020 13:31:56 Europe/Rome] Enabled PHP logging
[19-Jan-2020 13:31:56 Europe/Rome] Enabled PHP logging
[19-Jan-2020 13:31:57 Europe/Rome] Enabled PHP logging
[19-Jan-2020 13:32:20 Europe/Rome] Enabled PHP logging
[19-Jan-2020 13:32:20 Europe/Rome] Enabled PHP logging
[19-Jan-2020 13:32:20 Europe/Rome] Enabled PHP logging
[19-Jan-2020 13:32:20 Europe/Rome] Enabled PHP logging
[19-Jan-2020 13:32:21 Europe/Rome] Enabled PHP logging
[19-Jan-2020 13:33:07 Europe/Rome] Enabled PHP logging
[19-Jan-2020 13:33:07 Europe/Rome] Enabled PHP logging
[19-Jan-2020 13:33:08 Europe/Rome] Enabled PHP logging
[19-Jan-2020 13:33:08 Europe/Rome] Enabled PHP logging
[19-Jan-2020 13:33:08 Europe/Rome] Enabled PHP logging
[19-Jan-2020 13:34:14 Europe/Rome] Enabled PHP logging
[19-Jan-2020 13:34:14 Europe/Rome] Enabled PHP logging
[19-Jan-2020 13:34:14 Europe/Rome] Enabled PHP logging
[19-Jan-2020 13:34:14 Europe/Rome] Enabled PHP logging
[19-Jan-2020 13:34:14 Europe/Rome] Enabled PHP logging
[19-Jan-2020 13:36:54 Europe/Rome] Enabled PHP logging
[19-Jan-2020 13:36:54 Europe/Rome] Enabled PHP logging
[19-Jan-2020 13:36:54 Europe/Rome] Enabled PHP logging
[19-Jan-2020 13:36:54 Europe/Rome] Enabled PHP logging
[19-Jan-2020 13:36:55 Europe/Rome] Enabled PHP logging
[19-Jan-2020 13:38:44 Europe/Rome] Enabled PHP logging
[19-Jan-2020 13:38:44 Europe/Rome] Enabled PHP logging
[19-Jan-2020 13:38:44 Europe/Rome] Enabled PHP logging
[19-Jan-2020 13:38:44 Europe/Rome] Enabled PHP logging
[19-Jan-2020 13:38:45 Europe/Rome] Enabled PHP logging
[19-Jan-2020 13:39:19 Europe/Rome] Enabled PHP logging
[19-Jan-2020 13:39:19 Europe/Rome] Enabled PHP logging
[19-Jan-2020 13:39:19 Europe/Rome] Enabled PHP logging
[19-Jan-2020 13:39:19 Europe/Rome] Enabled PHP logging
[19-Jan-2020 13:39:20 Europe/Rome] Enabled PHP logging
[19-Jan-2020 13:41:07 Europe/Rome] Enabled PHP logging
[19-Jan-2020 13:41:07 Europe/Rome] Enabled PHP logging
[19-Jan-2020 13:41:07 Europe/Rome] Enabled PHP logging
[19-Jan-2020 13:41:07 Europe/Rome] Enabled PHP logging
[19-Jan-2020 13:41:07 Europe/Rome] Enabled PHP logging
[19-Jan-2020 13:42:33 Europe/Rome] Enabled PHP logging
[19-Jan-2020 13:42:33 Europe/Rome] Enabled PHP logging
[19-Jan-2020 13:42:33 Europe/Rome] Enabled PHP logging
[19-Jan-2020 13:42:33 Europe/Rome] Enabled PHP logging
[19-Jan-2020 13:42:33 Europe/Rome] Enabled PHP logging
[19-Jan-2020 13:55:33 Europe/Rome] Enabled PHP logging
[19-Jan-2020 13:55:33 Europe/Rome] Enabled PHP logging
[19-Jan-2020 13:55:33 Europe/Rome] Enabled PHP logging
[19-Jan-2020 13:55:33 Europe/Rome] Enabled PHP logging
[19-Jan-2020 13:55:34 Europe/Rome] Enabled PHP logging
[19-Jan-2020 14:37:24 Europe/Rome] PHP Warning:  Could not load the system's DNS configuration, using synchronous, blocking fallback in phar:///var/www/vhosts/alldobot.tech/httpdocs/TGUserbot/5e243a1ca8ad3/madeline.phar/vendor/amphp/dns/lib/Rfc1035StubResolver.php on line 188
[19-Jan-2020 14:37:24 Europe/Rome] PHP Warning:  Could not load the system's DNS configuration, using synchronous, blocking fallback in phar:///var/www/vhosts/alldobot.tech/httpdocs/TGUserbot/5e243a1ca8ad3/madeline.phar/vendor/amphp/dns/lib/Rfc1035StubResolver.php on line 188
[19-Jan-2020 15:36:12 Europe/Rome] PHP Fatal error:  Uncaught Error: Class 'danog\MadelineProto\NothingInTheSocketException' not found in phar:///var/www/vhosts/alldobot.tech/httpdocs/TGUserbot/5e243a1ca8ad3/madeline.phar/vendor/danog/madelineproto/src/danog/MadelineProto/Connection.php:504
Stack trace:
#0 phar:///var/www/vhosts/alldobot.tech/httpdocs/TGUserbot/5e243a1ca8ad3/madeline.phar/vendor/danog/madelineproto/src/danog/MadelineProto/DataCenterConnection.php(450): danog\MadelineProto\Connection->disconnect()
#1 phar:///var/www/vhosts/alldobot.tech/httpdocs/TGUserbot/5e243a1ca8ad3/madeline.phar/vendor/danog/madelineproto/src/danog/MadelineProto/MTProto.php(941): danog\MadelineProto\DataCenterConnection->disconnect()
#2 [internal function]: danog\MadelineProto\MTProto->__destruct()
#3 {main}
  thrown in phar:///var/www/vhosts/alldobot.tech/httpdocs/TGUserbot/5e243a1ca8ad3/madeline.phar/vendor/danog/madelineproto/src/danog/MadelineProto/Connection.php on line 504
[19-Jan-2020 15:36:42 Europe/Rome] Enabled PHP logging
[19-Jan-2020 15:36:42 Europe/Rome] Enabled PHP logging
[19-Jan-2020 15:36:42 Europe/Rome] Enabled PHP logging
[19-Jan-2020 15:36:42 Europe/Rome] Enabled PHP logging
[19-Jan-2020 15:36:43 Europe/Rome] Enabled PHP logging
[19-Jan-2020 15:37:00 Europe/Rome] Enabled PHP logging
[19-Jan-2020 15:37:00 Europe/Rome] Enabled PHP logging
[19-Jan-2020 15:37:00 Europe/Rome] Enabled PHP logging
[19-Jan-2020 15:37:00 Europe/Rome] Enabled PHP logging
[19-Jan-2020 15:37:01 Europe/Rome] Enabled PHP logging
